
> front_end@0.1.0 build
> react-scripts build

Creating an optimized production build...
Compiled with warnings.

[eslint] 
src/App.js
  Line 2:27:  'Router' is defined but never used          no-unused-vars
  Line 2:35:  'Routes' is defined but never used          no-unused-vars
  Line 2:43:  'Route' is defined but never used           no-unused-vars
  Line 2:50:  'Navigate' is defined but never used        no-unused-vars
  Line 3:10:  'ToastContainer' is defined but never used  no-unused-vars
  Line 5:8:   'AddItem' is defined but never used         no-unused-vars

src/components/AddItem.js
  Line 7:10:  'loading' is assigned a value but never used     no-unused-vars
  Line 7:19:  'setLoading' is assigned a value but never used  no-unused-vars

src/components/Dashboard.js
  Line 4:24:   'Image' is defined but never used                          no-unused-vars
  Line 118:9:  'handleDeleteCategory' is assigned a value but never used  no-unused-vars

Search for the keywords to learn more about each warning.
To ignore, add // eslint-disable-next-line to the line before.

File sizes after gzip:

  85.76 kB (-2.38 kB)  build/static/js/main.14714e95.js
  7.67 kB (-7 B)       build/static/css/main.d6576e46.css
  1.76 kB              build/static/js/453.e53cc446.chunk.js

The project was built assuming it is hosted at /.
You can control this with the homepage field in your package.json.

The build folder is ready to be deployed.
You may serve it with a static server:

  npm install -g serve
  serve -s build

Find out more about deployment here:

  https://cra.link/deployment

